
PHY	Interface	Driver		Chipset

phy0	wlan0		rtl8187		Realtek Semiconductor Corp. RTL8187
phy0	wlan0mon	rtl8187		Realtek Semiconductor Corp. RTL8187
phy1	wlan1		brcmfmac	Broadcom 43430

start le rtl_433

Found 6 processes that could cause trouble.
If airodump-ng, aireplay-ng or airtun-ng stops working after
a short period of time, you may want to run 'airmon-ng check kill'

  PID Name
  355 dhcpcd
  371 wpa_supplicant
  375 avahi-daemon
  386 avahi-daemon
  485 wpa_supplicant
  588 wpa_supplicant

PHY	Interface	Driver		Chipset

phy0	wlan0		rtl8187		Realtek Semiconductor Corp. RTL8187

		(mac80211 monitor mode already enabled for [phy0]wlan0 on [phy0]10)

start le rtl_433

Found 6 processes that could cause trouble.
If airodump-ng, aireplay-ng or airtun-ng stops working after
a short period of time, you may want to run 'airmon-ng check kill'

  PID Name
  355 dhcpcd
  371 wpa_supplicant
  375 avahi-daemon
  386 avahi-daemon
  485 wpa_supplicant
  588 wpa_supplicant

PHY	Interface	Driver		Chipset

phy0	wlan0		rtl8187		Realtek Semiconductor Corp. RTL8187

		(mac80211 monitor mode already enabled for [phy0]wlan0 on [phy0]10)

start le rtl_433

Found 6 processes that could cause trouble.
If airodump-ng, aireplay-ng or airtun-ng stops working after
a short period of time, you may want to run 'airmon-ng check kill'

  PID Name
  353 dhcpcd
  370 wpa_supplicant
  371 avahi-daemon
  387 avahi-daemon
  575 wpa_supplicant
  595 wpa_supplicant

PHY	Interface	Driver		Chipset

phy0	wlan0		rtl8187		Realtek Semiconductor Corp. RTL8187

		(mac80211 monitor mode vif enabled for [phy0]wlan0 on [phy0]wlan0mon)
		(mac80211 station mode vif disabled for [phy0]wlan0)
phy1	wlan1		brcmfmac	Broadcom 43430


